{
  "stats": {
    "suites": 1,
    "tests": 2,
    "passes": 2,
    "pending": 0,
    "failures": 0,
    "start": "2025-04-08T17:20:50.845Z",
    "end": "2025-04-08T17:20:56.599Z",
    "duration": 5754,
    "testsRegistered": 2,
    "passPercent": 100,
    "pendingPercent": 0,
    "other": 0,
    "hasOther": false,
    "skipped": 0,
    "hasSkipped": false
  },
  "results": [
    {
      "uuid": "0dd56e8b-871c-44e7-8611-49ece5803eb4",
      "title": "",
      "fullFile": "cypress/e2e/tests/login.cy.js",
      "file": "cypress/e2e/tests/login.cy.js",
      "beforeHooks": [],
      "afterHooks": [],
      "tests": [],
      "suites": [
        {
          "uuid": "f3f1068d-e56e-4ba5-ad35-f53502a6c506",
          "title": "Login Test Suite",
          "fullFile": "",
          "file": "",
          "beforeHooks": [],
          "afterHooks": [],
          "tests": [
            {
              "title": "TC01: Login với tài khoản hợp lệ",
              "fullTitle": "Login Test Suite TC01: Login với tài khoản hợp lệ",
              "timedOut": null,
              "duration": 3276,
              "state": "passed",
              "speed": "fast",
              "pass": true,
              "fail": false,
              "pending": false,
              "context": null,
              "code": "const {\n  login_pass\n} = this.usersData;\n_LoginPage.default.enterUsername(login_pass.username);\n_LoginPage.default.enterPassword(login_pass.password);\n_LoginPage.default.clickLogin();\n_LoginPage.default.acceptAlert();\n// cy.url().should('include', '/inventory.html')  \n// cy.verifyProductsTextDisplayed('Products')",
              "err": {},
              "uuid": "12f6bdc9-3e8e-4aaa-a468-c4275c70ab04",
              "parentUUID": "f3f1068d-e56e-4ba5-ad35-f53502a6c506",
              "isHook": false,
              "skipped": false
            },
            {
              "title": "TC02: Login với tài khoản sai mật khẩu",
              "fullTitle": "Login Test Suite TC02: Login với tài khoản sai mật khẩu",
              "timedOut": null,
              "duration": 2332,
              "state": "passed",
              "speed": "fast",
              "pass": true,
              "fail": false,
              "pending": false,
              "context": null,
              "code": "const {\n  login_fail\n} = this.usersData;\n_LoginPage.default.enterUsername(login_fail.username);\n_LoginPage.default.enterPassword(login_fail.password);\n_LoginPage.default.clickLogin();\n_LoginPage.default.verifyErrorMessageDisplayed();",
              "err": {},
              "uuid": "5c32f45a-1746-42b5-b031-a1000e0375d0",
              "parentUUID": "f3f1068d-e56e-4ba5-ad35-f53502a6c506",
              "isHook": false,
              "skipped": false
            }
          ],
          "suites": [],
          "passes": [
            "12f6bdc9-3e8e-4aaa-a468-c4275c70ab04",
            "5c32f45a-1746-42b5-b031-a1000e0375d0"
          ],
          "failures": [],
          "pending": [],
          "skipped": [],
          "duration": 5608,
          "root": false,
          "rootEmpty": false,
          "_timeout": 2000
        }
      ],
      "passes": [],
      "failures": [],
      "pending": [],
      "skipped": [],
      "duration": 0,
      "root": true,
      "rootEmpty": true,
      "_timeout": 2000
    }
  ],
  "meta": {
    "mocha": {
      "version": "7.0.1"
    },
    "mochawesome": {
      "options": {
        "quiet": false,
        "reportFilename": "mochawesome",
        "saveHtml": false,
        "saveJson": true,
        "consoleReporter": "spec",
        "useInlineDiffs": false,
        "code": true
      },
      "version": "7.1.3"
    },
    "marge": {
      "options": {
        "reportDir": "cypress/reports",
        "overwrite": false,
        "html": false,
        "json": true
      },
      "version": "6.2.0"
    }
  }
}