{
  "stats": {
    "suites": 1,
    "tests": 1,
    "passes": 0,
    "pending": 0,
    "failures": 1,
    "start": "2025-04-14T16:33:30.169Z",
    "end": "2025-04-14T16:33:39.200Z",
    "duration": 9031,
    "testsRegistered": 1,
    "passPercent": 0,
    "pendingPercent": 0,
    "other": 0,
    "hasOther": false,
    "skipped": 0,
    "hasSkipped": false
  },
  "results": [
    {
      "uuid": "23981117-a454-4e7e-acd8-8da455e0e53c",
      "title": "",
      "fullFile": "cypress/e2e/tests/api.cy.js",
      "file": "cypress/e2e/tests/api.cy.js",
      "beforeHooks": [],
      "afterHooks": [],
      "tests": [],
      "suites": [
        {
          "uuid": "53f6ea62-8744-4f02-81c9-9519db0c662f",
          "title": "Intercept API login - reqres.in",
          "fullFile": "",
          "file": "",
          "beforeHooks": [],
          "afterHooks": [],
          "tests": [
            {
              "title": "Intercept login request and assert response",
              "fullTitle": "Intercept API login - reqres.in Intercept login request and assert response",
              "timedOut": null,
              "duration": 8669,
              "state": "failed",
              "speed": null,
              "pass": false,
              "fail": true,
              "pending": false,
              "context": null,
              "code": "// Intercept API POST /login\ncy.intercept('POST', 'https://reqres.in/api/login').as('loginApi');\n// Gửi request trực tiếp (không cần UI)\ncy.request({\n  method: 'POST',\n  url: 'https://reqres.in/api/login',\n  body: {\n    email: 'eve.holt@reqres.in',\n    password: 'cityslicka'\n  }\n}).then(res => {\n  expect(res.status).to.eq(200);\n  expect(res.body).to.have.property('token');\n});\n// (Hoặc nếu bạn test từ UI → phải có 1 form login dùng endpoint này rồi click login mới dùng được intercept)\n// Sau đó:\ncy.wait('@loginApi').its('response.statusCode').should('eq', 200);",
              "err": {
                "message": "CypressError: Timed out retrying after 5000ms: `cy.wait()` timed out waiting `5000ms` for the 1st request to the route: `loginApi`. No request ever occurred.\n\nhttps://on.cypress.io/wait",
                "estack": "CypressError: Timed out retrying after 5000ms: `cy.wait()` timed out waiting `5000ms` for the 1st request to the route: `loginApi`. No request ever occurred.\n\nhttps://on.cypress.io/wait\n    at cypressErr (https://www.saucedemo.com/__cypress/runner/cypress_runner.js:75187:18)\n    at Object.errByPath (https://www.saucedemo.com/__cypress/runner/cypress_runner.js:75242:10)\n    at checkForXhr (https://www.saucedemo.com/__cypress/runner/cypress_runner.js:134821:84)\n    at <unknown> (https://www.saucedemo.com/__cypress/runner/cypress_runner.js:134844:28)\n    at tryCatcher (https://www.saucedemo.com/__cypress/runner/cypress_runner.js:1807:23)\n    at Promise.attempt.Promise.try (https://www.saucedemo.com/__cypress/runner/cypress_runner.js:4315:29)\n    at whenStable (https://www.saucedemo.com/__cypress/runner/cypress_runner.js:143192:68)\n    at <unknown> (https://www.saucedemo.com/__cypress/runner/cypress_runner.js:143133:14)\n    at tryCatcher (https://www.saucedemo.com/__cypress/runner/cypress_runner.js:1807:23)\n    at Promise._settlePromiseFromHandler (https://www.saucedemo.com/__cypress/runner/cypress_runner.js:1519:31)\n    at Promise._settlePromise (https://www.saucedemo.com/__cypress/runner/cypress_runner.js:1576:18)\n    at Promise._settlePromise0 (https://www.saucedemo.com/__cypress/runner/cypress_runner.js:1621:10)\n    at Promise._settlePromises (https://www.saucedemo.com/__cypress/runner/cypress_runner.js:1701:18)\n    at Promise._fulfill (https://www.saucedemo.com/__cypress/runner/cypress_runner.js:1645:18)\n    at <unknown> (https://www.saucedemo.com/__cypress/runner/cypress_runner.js:5450:46)\nFrom Your Spec Code:\n    at Context.eval (webpack:///./cypress/e2e/tests/api.cy.js:16:8)",
                "diff": null
              },
              "uuid": "adb0c563-3125-43b2-afee-bfc59d2bc2a6",
              "parentUUID": "53f6ea62-8744-4f02-81c9-9519db0c662f",
              "isHook": false,
              "skipped": false
            }
          ],
          "suites": [],
          "passes": [],
          "failures": [
            "adb0c563-3125-43b2-afee-bfc59d2bc2a6"
          ],
          "pending": [],
          "skipped": [],
          "duration": 8669,
          "root": false,
          "rootEmpty": false,
          "_timeout": 2000
        }
      ],
      "passes": [],
      "failures": [],
      "pending": [],
      "skipped": [],
      "duration": 0,
      "root": true,
      "rootEmpty": true,
      "_timeout": 2000
    }
  ],
  "meta": {
    "mocha": {
      "version": "7.0.1"
    },
    "mochawesome": {
      "options": {
        "quiet": false,
        "reportFilename": "mochawesome",
        "saveHtml": true,
        "saveJson": true,
        "consoleReporter": "spec",
        "useInlineDiffs": false,
        "code": true
      },
      "version": "7.1.3"
    },
    "marge": {
      "options": {
        "reportDir": "cypress/reports",
        "overwrite": false,
        "html": true,
        "json": true,
        "timestamp": "mmddyyyy_HHMMss"
      },
      "version": "6.2.0"
    }
  }
}