{
  "stats": {
    "suites": 1,
    "tests": 2,
    "passes": 2,
    "pending": 0,
    "failures": 0,
    "start": "2025-04-14T16:35:41.797Z",
    "end": "2025-04-14T16:35:54.520Z",
    "duration": 12723,
    "testsRegistered": 2,
    "passPercent": 100,
    "pendingPercent": 0,
    "other": 0,
    "hasOther": false,
    "skipped": 0,
    "hasSkipped": false
  },
  "results": [
    {
      "uuid": "c5120def-2b30-4d40-aab6-b8d076125cb4",
      "title": "",
      "fullFile": "cypress/e2e/tests/login.cy.js",
      "file": "cypress/e2e/tests/login.cy.js",
      "beforeHooks": [],
      "afterHooks": [],
      "tests": [],
      "suites": [
        {
          "uuid": "19665f5a-7c95-487c-b6fd-f5bf0efe6644",
          "title": "Login Test Suite",
          "fullFile": "",
          "file": "",
          "beforeHooks": [],
          "afterHooks": [],
          "tests": [
            {
              "title": "TC01: Login với tài khoản hợp lệ",
              "fullTitle": "Login Test Suite TC01: Login với tài khoản hợp lệ",
              "timedOut": null,
              "duration": 4232,
              "state": "passed",
              "speed": "fast",
              "pass": true,
              "fail": false,
              "pending": false,
              "context": null,
              "code": "const {\n  login_pass\n} = this.usersData;\n_LoginPage.default.enterUsername(login_pass.username);\n_LoginPage.default.enterPassword(login_pass.password);\n_LoginPage.default.clickLogin();\n_LoginPage.default.acceptAlert();\n// cy.url().should('include', '/inventory.html')  \n// cy.verifyProductsTextDisplayed('Products')",
              "err": {},
              "uuid": "05cc2387-c895-4ae6-a49d-07ee290d4a12",
              "parentUUID": "19665f5a-7c95-487c-b6fd-f5bf0efe6644",
              "isHook": false,
              "skipped": false
            },
            {
              "title": "TC02: Login với tài khoản sai mật khẩu",
              "fullTitle": "Login Test Suite TC02: Login với tài khoản sai mật khẩu",
              "timedOut": null,
              "duration": 7490,
              "state": "passed",
              "speed": "medium",
              "pass": true,
              "fail": false,
              "pending": false,
              "context": null,
              "code": "const {\n  login_fail\n} = this.usersData;\n_LoginPage.default.enterUsername(login_fail.username);\n_LoginPage.default.enterPassword(login_fail.password);\n_LoginPage.default.clickLogin();\n_LoginPage.default.verifyErrorMessageDisplayed();",
              "err": {},
              "uuid": "f90647f3-8d8e-4c86-b89c-525180ce74ab",
              "parentUUID": "19665f5a-7c95-487c-b6fd-f5bf0efe6644",
              "isHook": false,
              "skipped": false
            }
          ],
          "suites": [],
          "passes": [
            "05cc2387-c895-4ae6-a49d-07ee290d4a12",
            "f90647f3-8d8e-4c86-b89c-525180ce74ab"
          ],
          "failures": [],
          "pending": [],
          "skipped": [],
          "duration": 11722,
          "root": false,
          "rootEmpty": false,
          "_timeout": 2000
        }
      ],
      "passes": [],
      "failures": [],
      "pending": [],
      "skipped": [],
      "duration": 0,
      "root": true,
      "rootEmpty": true,
      "_timeout": 2000
    }
  ],
  "meta": {
    "mocha": {
      "version": "7.0.1"
    },
    "mochawesome": {
      "options": {
        "quiet": false,
        "reportFilename": "mochawesome",
        "saveHtml": true,
        "saveJson": true,
        "consoleReporter": "spec",
        "useInlineDiffs": false,
        "code": true
      },
      "version": "7.1.3"
    },
    "marge": {
      "options": {
        "reportDir": "cypress/reports",
        "overwrite": false,
        "html": true,
        "json": true,
        "timestamp": "mmddyyyy_HHMMss"
      },
      "version": "6.2.0"
    }
  }
}